Build started 2/7/2010 2:23:38 PM.
     1>Project "C:\Users\dnunes\Documents\Work Related Stuff\Threadjack\Threadjack\Threadjack.vcxproj" on node 23 (rebuild target(s)).
     1>_PrepareForClean:
         Deleting file "X64\Debug\Threadjack.lastbuildstate".
       _PrepareForBuild:
         Creating "X64\Debug\Threadjack.unsuccessfulbuild" because "AlwaysCreate" was specified.
       ClCompile:
         C:\Program Files (x86)\Microsoft Visual Studio 10.0\VC\bin\x86_amd64\CL.exe /c /ZI /nologo /W3 /WX- /Od /Oy- /D _MBCS /Gm /EHsc /RTC1 /MDd /GS /fp:precise /Zc:wchar_t /Zc:forScope /Fo"X64\Debug\\" /Fd"X64\Debug\vc100.pdb" /Gd /TC /analyze- /errorReport:prompt Main.c Threadjack.c
     1>cl : Command line warning D9038: /ZI is not supported on this platform; enabling /Zi instead
     1>cl : Command line warning D9007: '/Gm' requires '/Zi'; option ignored
         Main.c
         Threadjack.c
         Generating Code...
       CustomBuildStep:
         Description: Performing Custom Build Step
         ml64.exe /Fo Utils.obj /c Utils.asm
         :VCEnd
          Assembling: Utils.asm
         Microsoft (R) Macro Assembler (x64) Version 10.00.21003.01
         Copyright (C) Microsoft Corporation.  All rights reserved.
         
       Link:
         C:\Program Files (x86)\Microsoft Visual Studio 10.0\VC\bin\x86_amd64\link.exe /ERRORREPORT:PROMPT /OUT:"C:\Users\dnunes\Documents\Work Related Stuff\Threadjack\X64\Debug\Threadjack.exe" /NOLOGO kernel32.lib user32.lib gdi32.lib winspool.lib comdlg32.lib advapi32.lib shell32.lib ole32.lib oleaut32.lib uuid.lib odbc32.lib odbccp32.lib /MANIFEST /ManifestFile:"X64\Debug\Threadjack.exe.intermediate.manifest" /MANIFESTUAC:"level='asInvoker' uiAccess='false'" /DEBUG /PDB:"C:\Users\dnunes\Documents\Work Related Stuff\Threadjack\X64\Debug\Threadjack.pdb" /TLBID:1 /DYNAMICBASE /NXCOMPAT /IMPLIB:"C:\Users\dnunes\Documents\Work Related Stuff\Threadjack\X64\Debug\Threadjack.lib" /MACHINE:X64 Utils.obj
         X64\Debug\Main.obj
         X64\Debug\Threadjack.obj
         Threadjack.vcxproj -> C:\Users\dnunes\Documents\Work Related Stuff\Threadjack\X64\Debug\Threadjack.exe
       Manifest:
         C:\Program Files (x86)\Microsoft SDKs\Windows\v7.0A\bin\mt.exe /nologo /verbose /outputresource:"C:\Users\dnunes\Documents\Work Related Stuff\Threadjack\X64\Debug\Threadjack.exe;#1" /manifest X64\Debug\Threadjack.exe.intermediate.manifest
       _AfterBuild:
         Deleting file "X64\Debug\Threadjack.unsuccessfulbuild".
         Touching "X64\Debug\Threadjack.lastbuildstate".
     1>Done Building Project "C:\Users\dnunes\Documents\Work Related Stuff\Threadjack\Threadjack\Threadjack.vcxproj" (rebuild target(s)).

Build succeeded.

Time Elapsed 00:00:00.86
